<?xml version="1.0" encoding="UTF-8"?>
<!-- Generated by org.testng.reporters.JUnitReportReporter -->
<testsuite hostname="Acer-ALG" failures="0" tests="10" name="com.example.tests.api.ApiTests" time="66.067" errors="0" timestamp="2025-09-10T20:14:14 IST" skipped="0">
  <testcase classname="com.example.tests.api.ApiTests" name="getTodos_status200" time="4.642"/>
  <testcase classname="com.example.tests.api.ApiTests" name="invalidEndpoint_404" time="5.204"/>
  <testcase classname="com.example.tests.api.ApiTests" name="getComments_post1" time="6.176"/>
  <testcase classname="com.example.tests.api.ApiTests" name="getPosts_status200" time="4.641"/>
  <testcase classname="com.example.tests.api.ApiTests" name="getAlbums_status200" time="4.640"/>
  <testcase classname="com.example.tests.api.ApiTests" name="checkPostTitleNotEmpty" time="10.295"/>
  <testcase classname="com.example.tests.api.ApiTests" name="createPost_returns201" time="5.462"/>
  <testcase classname="com.example.tests.api.ApiTests" name="getUsers_status200" time="4.642"/>
  <testcase classname="com.example.tests.api.ApiTests" name="getUserById_1" time="10.182"/>
  <testcase classname="com.example.tests.api.ApiTests" name="getPostById_1" time="10.183"/>
</testsuite> <!-- com.example.tests.api.ApiTests -->
